<?xml version="1.0" encoding="utf-8"?><testsuites name="pytest tests"><testsuite name="pytest" errors="0" failures="0" skipped="0" tests="38" time="10.227" timestamp="2026-07-06T18:20:35.867011+00:00" hostname="agent-env-f78c5259-69ed-4775-974d-cb240fcb4f1f"><testcase classname="tests.backend_test.TestAuth" name="test_login_admin" time="1.288" /><testcase classname="tests.backend_test.TestRBAC" name="test_employee_cannot_access_owner" time="1.293" /><testcase classname="tests.backend_test.TestAuth" name="test_login_owner" time="0.505" /><testcase classname="tests.backend_test.TestRBAC" name="test_employee_cannot_create_task" time="0.502" /><testcase classname="tests.backend_test.TestAuth" name="test_login_employee" time="0.441" /><testcase classname="tests.backend_test.TestAuth" name="test_login_invalid" time="0.352" /><testcase classname="tests.backend_test.TestRBAC" name="test_owner_cannot_access_admin" time="1.468" /><testcase classname="tests.backend_test.TestOwnerEmployeeCRUD" name="test_create_employee" time="1.538" /><testcase classname="tests.backend_test.TestRBAC" name="test_owner_cannot_create_plan" time="0.088" /><testcase classname="tests.backend_test.TestRBAC" name="test_admin_cannot_access_owner" time="0.858" /><testcase classname="tests.backend_test.TestOwnerEmployeeCRUD" name="test_get_employees_persisted" time="0.061" /><testcase classname="tests.backend_test.TestOwnerEmployeeCRUD" name="test_update_employee" time="0.180" /><testcase classname="tests.backend_test.TestRBAC" name="test_no_token_returns_error" time="0.064" /><testcase classname="tests.backend_test.TestEmployeeTasks" name="test_setup_task" time="0.121" /><testcase classname="tests.backend_test.TestOwnerEmployeeCRUD" name="test_delete_employee" time="0.175" /><testcase classname="tests.backend_test.TestEmployeeTasks" name="test_update_status" time="0.136" /><testcase classname="tests.backend_test.TestEmployeeTasks" name="test_upload_proof" time="0.548" /><testcase classname="tests.backend_test.TestAttendance" name="test_check_in_invalid_qr" time="0.563" /><testcase classname="tests.backend_test.TestAttendance" name="test_check_in_valid_qr" time="0.766" /><testcase classname="tests.backend_test.TestEmployeeTasks" name="test_cleanup" time="0.097" /><testcase classname="tests.backend_test.TestAdmin" name="test_create_subscription_plan" time="0.073" /><testcase classname="tests.backend_test.TestAdmin" name="test_create_company" time="0.532" /><testcase classname="tests.backend_test.TestAdmin" name="test_get_companies" time="0.093" /><testcase classname="tests.backend_test.TestAttendance" name="test_check_out" time="0.086" /><testcase classname="tests.backend_test.TestAdmin" name="test_cleanup_admin" time="0.094" /><testcase classname="tests.backend_test.TestAttendance" name="test_history" time="0.066" /><testcase classname="tests.backend_test.TestOwnerDepartment" name="test_create_department" time="0.096" /><testcase classname="tests.backend_test.TestOwnerTaskCRUD" name="test_create_task" time="0.065" /><testcase classname="tests.backend_test.TestOwnerTaskCRUD" name="test_update_task" time="0.134" /><testcase classname="tests.backend_test.TestOwnerDepartment" name="test_get_departments" time="0.116" /><testcase classname="tests.backend_test.TestOwnerTaskCRUD" name="test_delete_task" time="0.076" /><testcase classname="tests.backend_test.TestReports" name="test_create_report" time="0.103" /><testcase classname="tests.backend_test.TestOwnerSubscription" name="test_get_plans" time="0.104" /><testcase classname="tests.backend_test.TestReports" name="test_owner_can_see_report" time="0.069" /><testcase classname="tests.backend_test.TestOwnerSubscription" name="test_get_subscription" time="0.096" /><testcase classname="tests.backend_test.TestStripe" name="test_create_checkout" time="1.326" /><testcase classname="tests.backend_test.TestPerformance" name="test_get_performance" time="1.205" /><testcase classname="tests.backend_test.TestStripe" name="test_check_status" time="0.371" /></testsuite></testsuites>